<?xml version="1.0" encoding="UTF-8"?>
<!-- Generated by org.testng.reporters.JUnitReportReporter -->
<testsuite skipped="0" hostname="Anas-MacBook-Pro.local" name="com.hackerrank.anokas4.BotSavesPrincess2Test" tests="2" failures="0" timestamp="15 Nov 2017 23:46:22 GMT" time="0.203" errors="0">
  <testcase name="testBotSavesPrincess" time="0.185" classname="com.hackerrank.anokas4.BotSavesPrincess2Test"/>
  <testcase name="testBotSavesPrincess" time="0.018" classname="com.hackerrank.anokas4.BotSavesPrincess2Test"/>
</testsuite> <!-- com.hackerrank.anokas4.BotSavesPrincess2Test -->
