<?xml version="1.0" encoding="UTF-8"?>
<!-- Generated by org.testng.reporters.JUnitReportReporter -->
<testsuite skipped="0" hostname="Anas-MacBook-Pro.local" name="com.hackerrank.anokas4.TripleRecursionTest" tests="3" failures="0" timestamp="15 Nov 2017 23:46:27 GMT" time="0.014" errors="0">
  <testcase name="testBotSavesPrincess" time="0.004" classname="com.hackerrank.anokas4.TripleRecursionTest"/>
  <testcase name="testBotSavesPrincess" time="0.006" classname="com.hackerrank.anokas4.TripleRecursionTest"/>
  <testcase name="testBotSavesPrincess" time="0.004" classname="com.hackerrank.anokas4.TripleRecursionTest"/>
</testsuite> <!-- com.hackerrank.anokas4.TripleRecursionTest -->
