<?xml version="1.0" encoding="UTF-8"?>
<!-- Generated by org.testng.reporters.JUnitReportReporter -->
<testsuite skipped="0" hostname="Anas-MacBook-Pro.local" name="com.hackerrank.anokas4.BotSavesPrincessTest" tests="2" failures="0" timestamp="15 Nov 2017 23:46:32 GMT" time="0.008" errors="0">
  <testcase name="testBotSavesPrincess" time="0.004" classname="com.hackerrank.anokas4.BotSavesPrincessTest"/>
  <testcase name="testBotSavesPrincess" time="0.004" classname="com.hackerrank.anokas4.BotSavesPrincessTest"/>
</testsuite> <!-- com.hackerrank.anokas4.BotSavesPrincessTest -->
