<?xml version="1.0" encoding="UTF-8"?>
<!-- Generated by org.testng.reporters.JUnitReportReporter -->
<testsuite skipped="0" hostname="Anas-MacBook-Pro.local" name="com.hackerrank.anokas4.LuckyPurchaseTest" tests="4" failures="0" timestamp="15 Nov 2017 23:46:17 GMT" time="0.118" errors="0">
  <testcase name="testLuckyPurchase" time="0.097" classname="com.hackerrank.anokas4.LuckyPurchaseTest"/>
  <testcase name="testLuckyPurchase" time="0.007" classname="com.hackerrank.anokas4.LuckyPurchaseTest"/>
  <testcase name="testLuckyPurchase" time="0.007" classname="com.hackerrank.anokas4.LuckyPurchaseTest"/>
  <testcase name="testLuckyPurchase" time="0.007" classname="com.hackerrank.anokas4.LuckyPurchaseTest"/>
</testsuite> <!-- com.hackerrank.anokas4.LuckyPurchaseTest -->
