<?xml version="1.0" encoding="UTF-8"?>
<!-- Generated by org.testng.reporters.JUnitReportReporter -->
<testsuite skipped="0" hostname="Anas-MacBook-Pro.local" name="com.hackerrank.anokas4.SurfaceAreaTest" tests="3" failures="0" timestamp="15 Nov 2017 23:46:37 GMT" time="0.011" errors="0">
  <testcase name="testSurfaceArea" time="0.002" classname="com.hackerrank.anokas4.SurfaceAreaTest"/>
  <testcase name="testSurfaceArea" time="0.004" classname="com.hackerrank.anokas4.SurfaceAreaTest"/>
  <testcase name="testSurfaceArea" time="0.005" classname="com.hackerrank.anokas4.SurfaceAreaTest"/>
</testsuite> <!-- com.hackerrank.anokas4.SurfaceAreaTest -->
